<?xml version="1.0" encoding="UTF-8"?>
<!-- Generated by org.testng.reporters.JUnitXMLReporter -->
<testsuite ignored="3" hostname="IBM-19PQB54" failures="0" tests="1" name="Default test" time="13.324" errors="0" timestamp="2025-03-18T12:38:27 IST">
  <testcase classname="com.flipkart.tests.WebDriverManager" name="@BeforeMethod setup" time="13.192">
    <failure type="org.openqa.selenium.ElementClickInterceptedException" message="Element &amp;lt;input class=&amp;quot;Pke_EE&amp;quot; name=&amp;quot;q&amp;quot; type=&amp;quot;text&amp;quot;&amp;gt; is not clickable at point (494,33) because another element &amp;lt;div class=&amp;quot;_34xRTS NXhch9&amp;quot;&amp;gt; obscures it
Build info: version: &amp;apos;4.29.0&amp;apos;, revision: &amp;apos;5fc1ec94cb&amp;apos;
System info: os.name: &amp;apos;Windows 11&amp;apos;, os.arch: &amp;apos;amd64&amp;apos;, os.version: &amp;apos;10.0&amp;apos;, java.version: &amp;apos;23.0.2&amp;apos;
Driver info: org.openqa.selenium.firefox.FirefoxDriver
Command: [28fe6ab3-01b5-4086-a335-74a83ecadbea, clickElement {id=7d6cfd05-3b7e-42c3-86e1-8c8c0208b687}]
Capabilities {acceptInsecureCerts: true, browserName: firefox, browserVersion: 136.0.1, moz:accessibilityChecks: false, moz:buildID: 20250310180126, moz:geckodriverVersion: 0.36.0, moz:headless: false, moz:platformVersion: 10.0, moz:processID: 22868, moz:profile: C:\Users\VIGNES~1\AppData\L..., moz:shutdownTimeout: 60000, moz:webdriverClick: true, moz:windowless: false, pageLoadStrategy: normal, platformName: windows, proxy: Proxy(), setWindowRect: true, strictFileInteractability: false, timeouts: {implicit: 0, pageLoad: 300000, script: 30000}, unhandledPromptBehavior: dismiss and notify, userAgent: Mozilla/5.0 (Windows NT 10....}
Element: [[FirefoxDriver: firefox on windows (28fe6ab3-01b5-4086-a335-74a83ecadbea)] -&amp;gt; xpath: //*[@id=&amp;quot;container&amp;quot;]/div/div[1]/div/div/div/div/div[1]/div/div/div/div[1]/div[1]/header/div[1]/div[2]/form/div/div/input]
Session ID: 28fe6ab3-01b5-4086-a335-74a83ecadbea">
      <![CDATA[org.openqa.selenium.ElementClickInterceptedException: Element <input class="Pke_EE" name="q" type="text"> is not clickable at point (494,33) because another element <div class="_34xRTS NXhch9"> obscures it
Build info: version: '4.29.0', revision: '5fc1ec94cb'
System info: os.name: 'Windows 11', os.arch: 'amd64', os.version: '10.0', java.version: '23.0.2'
Driver info: org.openqa.selenium.firefox.FirefoxDriver
Command: [28fe6ab3-01b5-4086-a335-74a83ecadbea, clickElement {id=7d6cfd05-3b7e-42c3-86e1-8c8c0208b687}]
Capabilities {acceptInsecureCerts: true, browserName: firefox, browserVersion: 136.0.1, moz:accessibilityChecks: false, moz:buildID: 20250310180126, moz:geckodriverVersion: 0.36.0, moz:headless: false, moz:platformVersion: 10.0, moz:processID: 22868, moz:profile: C:\Users\VIGNES~1\AppData\L..., moz:shutdownTimeout: 60000, moz:webdriverClick: true, moz:windowless: false, pageLoadStrategy: normal, platformName: windows, proxy: Proxy(), setWindowRect: true, strictFileInteractability: false, timeouts: {implicit: 0, pageLoad: 300000, script: 30000}, unhandledPromptBehavior: dismiss and notify, userAgent: Mozilla/5.0 (Windows NT 10....}
Element: [[FirefoxDriver: firefox on windows (28fe6ab3-01b5-4086-a335-74a83ecadbea)] -> xpath: //*[@id="container"]/div/div[1]/div/div/div/div/div[1]/div/div/div/div[1]/div[1]/header/div[1]/div[2]/form/div/div/input]
Session ID: 28fe6ab3-01b5-4086-a335-74a83ecadbea
at java.base/jdk.internal.reflect.DirectConstructorHandleAccessor.newInstance(DirectConstructorHandleAccessor.java:62)
at java.base/java.lang.reflect.Constructor.newInstanceWithCaller(Constructor.java:501)
at java.base/java.lang.reflect.Constructor.newInstance(Constructor.java:485)
at org.openqa.selenium.remote.ErrorCodec.decode(ErrorCodec.java:167)
at org.openqa.selenium.remote.codec.w3c.W3CHttpResponseCodec.decode(W3CHttpResponseCodec.java:138)
at org.openqa.selenium.remote.codec.w3c.W3CHttpResponseCodec.decode(W3CHttpResponseCodec.java:50)
at org.openqa.selenium.remote.HttpCommandExecutor.execute(HttpCommandExecutor.java:215)
at org.openqa.selenium.remote.service.DriverCommandExecutor.invokeExecute(DriverCommandExecutor.java:216)
at org.openqa.selenium.remote.service.DriverCommandExecutor.execute(DriverCommandExecutor.java:174)
at org.openqa.selenium.remote.RemoteWebDriver.execute(RemoteWebDriver.java:545)
at org.openqa.selenium.remote.RemoteWebElement.execute(RemoteWebElement.java:223)
at org.openqa.selenium.remote.RemoteWebElement.click(RemoteWebElement.java:76)
at java.base/jdk.internal.reflect.DirectMethodHandleAccessor.invoke(DirectMethodHandleAccessor.java:103)
at java.base/java.lang.reflect.Method.invoke(Method.java:580)
at org.openqa.selenium.support.pagefactory.internal.LocatingElementHandler.invoke(LocatingElementHandler.java:51)
at jdk.proxy2/jdk.proxy2.$Proxy14.click(Unknown Source)
at com.flipkart.pages.FilteringPage.<init>(FilteringPage.java:29)
at com.flipkart.tests.WebDriverManager.setup(WebDriverManager.java:24)
at java.base/jdk.internal.reflect.DirectMethodHandleAccessor.invoke(DirectMethodHandleAccessor.java:103)
at java.base/java.lang.reflect.Method.invoke(Method.java:580)
at org.testng.internal.MethodInvocationHelper.invokeMethod(MethodInvocationHelper.java:133)
at org.testng.internal.MethodInvocationHelper.invokeMethodConsideringTimeout(MethodInvocationHelper.java:62)
at org.testng.internal.ConfigInvoker.invokeConfigurationMethod(ConfigInvoker.java:385)
at org.testng.internal.ConfigInvoker.invokeConfigurations(ConfigInvoker.java:321)
at org.testng.internal.TestInvoker.runConfigMethods(TestInvoker.java:700)
at org.testng.internal.TestInvoker.invokeMethod(TestInvoker.java:527)
at org.testng.internal.TestInvoker.invokeTestMethod(TestInvoker.java:173)
at org.testng.internal.MethodRunner.runInSequence(MethodRunner.java:46)
at org.testng.internal.TestInvoker$MethodInvocationAgent.invoke(TestInvoker.java:824)
at org.testng.internal.TestInvoker.invokeTestMethods(TestInvoker.java:146)
at org.testng.internal.TestMethodWorker.invokeTestMethods(TestMethodWorker.java:146)
at org.testng.internal.TestMethodWorker.run(TestMethodWorker.java:128)
at java.base/java.util.ArrayList.forEach(ArrayList.java:1597)
at org.testng.TestRunner.privateRun(TestRunner.java:794)
at org.testng.TestRunner.run(TestRunner.java:596)
at org.testng.SuiteRunner.runTest(SuiteRunner.java:377)
at org.testng.SuiteRunner.runSequentially(SuiteRunner.java:371)
at org.testng.SuiteRunner.privateRun(SuiteRunner.java:332)
at org.testng.SuiteRunner.run(SuiteRunner.java:276)
at org.testng.SuiteRunnerWorker.runSuite(SuiteRunnerWorker.java:53)
at org.testng.SuiteRunnerWorker.run(SuiteRunnerWorker.java:96)
at org.testng.TestNG.runSuitesSequentially(TestNG.java:1212)
at org.testng.TestNG.runSuitesLocally(TestNG.java:1134)
at org.testng.TestNG.runSuites(TestNG.java:1063)
at org.testng.TestNG.run(TestNG.java:1031)
at org.testng.remote.AbstractRemoteTestNG.run(AbstractRemoteTestNG.java:115)
at org.testng.remote.RemoteTestNG.initAndRun(RemoteTestNG.java:293)
at org.testng.remote.RemoteTestNG.main(RemoteTestNG.java:91)
]]>
    </failure>
  </testcase> <!-- @BeforeMethod setup -->
  <testcase classname="com.flipkart.tests.WebDriverManager" name="@AfterMethod quitDriver" time="-1.742281707036E9">
    <skipped/>
  </testcase> <!-- @AfterMethod quitDriver -->
  <testcase classname="com.flipkart.tests.WebDriverManager" name="search" time="0.0">
    <skipped/>
  </testcase> <!-- search -->
  <testcase classname="com.flipkart.tests.WebDriverManager" name="Invalidsearch" time="0.0">
    <ignored/>
  </testcase> <!-- Invalidsearch -->
  <testcase classname="com.flipkart.tests.WebDriverManager" name="FilterFuntions" time="0.0">
    <ignored/>
  </testcase> <!-- FilterFuntions -->
  <testcase classname="com.flipkart.tests.WebDriverManager" name="Partialsearch" time="0.0">
    <ignored/>
  </testcase> <!-- Partialsearch -->
<testsuite ignored="0" hostname="IBM-FVLMB54" failures="0" tests="1" name="Default test" time="31.894" errors="0" timestamp="2025-03-18T12:32:45 IST">
  <testcase classname="com.ibm.tests.FlipkartLoginTest" name="testLoginWithOtp" time="19.702"/>
</testsuite> <!-- Default test -->
