<?xml version="1.0" encoding="UTF-8"?>
<testng-results ignored="0" total="1" passed="1" failed="0" skipped="0">
  <reporter-output>
  </reporter-output>
  <suite started-at="2025-03-18T15:31:08 IST" name="Default suite" finished-at="2025-03-18T15:31:45 IST" duration-ms="37351">
    <groups>
    </groups>
    <test started-at="2025-03-18T15:31:08 IST" name="Default test" finished-at="2025-03-18T15:31:45 IST" duration-ms="37351">
      <class name="com.flipkart.tests.FlipkartLoginTest">
        <test-method is-config="true" signature="setup()[pri:0, instance:com.flipkart.tests.FlipkartLoginTest@7dcf94f8]" started-at="2025-03-18T15:31:08 IST" name="setup" finished-at="2025-03-18T15:31:22 IST" duration-ms="14031" status="PASS">
          <reporter-output>
          </reporter-output>
        </test-method> <!-- setup -->
        <test-method signature="testLoginWithOtp()[pri:1, instance:com.flipkart.tests.FlipkartLoginTest@7dcf94f8]" started-at="2025-03-18T15:31:22 IST" name="testLoginWithOtp" finished-at="2025-03-18T15:31:45 IST" duration-ms="23247" status="PASS">
          <reporter-output>
          </reporter-output>
        </test-method> <!-- testLoginWithOtp -->
      </class> <!-- com.flipkart.tests.FlipkartLoginTest -->
    </test> <!-- Default test -->
  </suite> <!-- Default suite -->
</testng-results>
